2018-04-13 1:37:59 - PHP Notice:  Undefined variable: server in C:\Users\Lenovo_note\Documents\OpenServer\domains\budva.ref\catalog\view\theme\budva\template\common\header.tpl on line 45
2018-04-13 1:37:59 - PHP Notice:  Use of undefined constant DIR_ACT_THEME - assumed 'DIR_ACT_THEME' in C:\Users\Lenovo_note\Documents\OpenServer\domains\budva.ref\catalog\view\theme\budva\template\common\header.tpl on line 46
2018-04-13 1:37:59 - PHP Notice:  Use of undefined constant DIR_ACT_THEME - assumed 'DIR_ACT_THEME' in C:\Users\Lenovo_note\Documents\OpenServer\domains\budva.ref\catalog\view\theme\budva\template\common\header.tpl on line 53
2018-04-13 1:37:59 - PHP Notice:  Undefined variable: text_enter in C:\Users\Lenovo_note\Documents\OpenServer\domains\budva.ref\catalog\view\theme\budva\template\common\header.tpl on line 54
2018-04-13 1:37:59 - PHP Notice:  Undefined variable: text_good_quantity in C:\Users\Lenovo_note\Documents\OpenServer\domains\budva.ref\catalog\view\theme\budva\template\common\header.tpl on line 59
2018-04-13 1:37:59 - PHP Notice:  Use of undefined constant DIR_ACT_THEME - assumed 'DIR_ACT_THEME' in C:\Users\Lenovo_note\Documents\OpenServer\domains\budva.ref\catalog\view\theme\budva\template\common\header.tpl on line 61
2018-04-13 1:37:59 - PHP Notice:  Use of undefined constant DIR_ACT_THEME - assumed 'DIR_ACT_THEME' in C:\Users\Lenovo_note\Documents\OpenServer\domains\budva.ref\catalog\view\theme\budva\template\common\header.tpl on line 66
2018-04-13 1:37:59 - PHP Notice:  Use of undefined constant DIR_ACT_THEME - assumed 'DIR_ACT_THEME' in C:\Users\Lenovo_note\Documents\OpenServer\domains\budva.ref\catalog\view\theme\budva\template\common\header.tpl on line 67
2018-04-13 1:37:59 - PHP Notice:  Use of undefined constant DIR_ACT_THEME - assumed 'DIR_ACT_THEME' in C:\Users\Lenovo_note\Documents\OpenServer\domains\budva.ref\catalog\view\theme\budva\template\common\header.tpl on line 68
2018-04-13 1:37:59 - PHP Notice:  Use of undefined constant DIR_ACT_THEME - assumed 'DIR_ACT_THEME' in C:\Users\Lenovo_note\Documents\OpenServer\domains\budva.ref\catalog\view\theme\budva\template\common\header.tpl on line 69
2018-04-13 1:37:59 - PHP Notice:  Undefined variable: phone_first in C:\Users\Lenovo_note\Documents\OpenServer\domains\budva.ref\catalog\view\theme\budva\template\common\header.tpl on line 70
2018-04-13 1:37:59 - PHP Notice:  Undefined variable: phone_second in C:\Users\Lenovo_note\Documents\OpenServer\domains\budva.ref\catalog\view\theme\budva\template\common\header.tpl on line 73
2018-04-13 1:37:59 - PHP Notice:  Undefined variable: server in C:\Users\Lenovo_note\Documents\OpenServer\domains\budva.ref\catalog\view\theme\budva\template\common\header.tpl on line 45
2018-04-13 1:37:59 - PHP Notice:  Use of undefined constant DIR_ACT_THEME - assumed 'DIR_ACT_THEME' in C:\Users\Lenovo_note\Documents\OpenServer\domains\budva.ref\catalog\view\theme\budva\template\common\header.tpl on line 46
2018-04-13 1:37:59 - PHP Notice:  Use of undefined constant DIR_ACT_THEME - assumed 'DIR_ACT_THEME' in C:\Users\Lenovo_note\Documents\OpenServer\domains\budva.ref\catalog\view\theme\budva\template\common\header.tpl on line 53
2018-04-13 1:37:59 - PHP Notice:  Undefined variable: text_enter in C:\Users\Lenovo_note\Documents\OpenServer\domains\budva.ref\catalog\view\theme\budva\template\common\header.tpl on line 54
2018-04-13 1:37:59 - PHP Notice:  Undefined variable: text_good_quantity in C:\Users\Lenovo_note\Documents\OpenServer\domains\budva.ref\catalog\view\theme\budva\template\common\header.tpl on line 59
2018-04-13 1:37:59 - PHP Notice:  Use of undefined constant DIR_ACT_THEME - assumed 'DIR_ACT_THEME' in C:\Users\Lenovo_note\Documents\OpenServer\domains\budva.ref\catalog\view\theme\budva\template\common\header.tpl on line 61
2018-04-13 1:37:59 - PHP Notice:  Use of undefined constant DIR_ACT_THEME - assumed 'DIR_ACT_THEME' in C:\Users\Lenovo_note\Documents\OpenServer\domains\budva.ref\catalog\view\theme\budva\template\common\header.tpl on line 66
2018-04-13 1:37:59 - PHP Notice:  Use of undefined constant DIR_ACT_THEME - assumed 'DIR_ACT_THEME' in C:\Users\Lenovo_note\Documents\OpenServer\domains\budva.ref\catalog\view\theme\budva\template\common\header.tpl on line 67
2018-04-13 1:37:59 - PHP Notice:  Use of undefined constant DIR_ACT_THEME - assumed 'DIR_ACT_THEME' in C:\Users\Lenovo_note\Documents\OpenServer\domains\budva.ref\catalog\view\theme\budva\template\common\header.tpl on line 68
2018-04-13 1:37:59 - PHP Notice:  Use of undefined constant DIR_ACT_THEME - assumed 'DIR_ACT_THEME' in C:\Users\Lenovo_note\Documents\OpenServer\domains\budva.ref\catalog\view\theme\budva\template\common\header.tpl on line 69
2018-04-13 1:37:59 - PHP Notice:  Undefined variable: phone_first in C:\Users\Lenovo_note\Documents\OpenServer\domains\budva.ref\catalog\view\theme\budva\template\common\header.tpl on line 70
2018-04-13 1:37:59 - PHP Notice:  Undefined variable: phone_second in C:\Users\Lenovo_note\Documents\OpenServer\domains\budva.ref\catalog\view\theme\budva\template\common\header.tpl on line 73
2018-04-13 1:41:28 - PHP Notice:  Undefined variable: server in C:\Users\Lenovo_note\Documents\OpenServer\domains\budva.ref\catalog\view\theme\budva\template\common\header.tpl on line 45
2018-04-13 1:41:28 - PHP Notice:  Use of undefined constant DIR_ACT_THEME - assumed 'DIR_ACT_THEME' in C:\Users\Lenovo_note\Documents\OpenServer\domains\budva.ref\catalog\view\theme\budva\template\common\header.tpl on line 46
2018-04-13 1:41:28 - PHP Notice:  Use of undefined constant DIR_ACT_THEME - assumed 'DIR_ACT_THEME' in C:\Users\Lenovo_note\Documents\OpenServer\domains\budva.ref\catalog\view\theme\budva\template\common\header.tpl on line 52
2018-04-13 1:41:28 - PHP Notice:  Use of undefined constant DIR_ACT_THEME - assumed 'DIR_ACT_THEME' in C:\Users\Lenovo_note\Documents\OpenServer\domains\budva.ref\catalog\view\theme\budva\template\common\header.tpl on line 53
2018-04-13 1:41:28 - PHP Notice:  Use of undefined constant DIR_ACT_THEME - assumed 'DIR_ACT_THEME' in C:\Users\Lenovo_note\Documents\OpenServer\domains\budva.ref\catalog\view\theme\budva\template\common\header.tpl on line 54
2018-04-13 1:41:28 - PHP Notice:  Use of undefined constant DIR_ACT_THEME - assumed 'DIR_ACT_THEME' in C:\Users\Lenovo_note\Documents\OpenServer\domains\budva.ref\catalog\view\theme\budva\template\common\header.tpl on line 55
2018-04-13 1:42:17 - PHP Notice:  Undefined variable: server in C:\Users\Lenovo_note\Documents\OpenServer\domains\budva.ref\catalog\view\theme\budva\template\common\header.tpl on line 45
2018-04-13 1:43:01 - PHP Notice:  Undefined variable: server in C:\Users\Lenovo_note\Documents\OpenServer\domains\budva.ref\catalog\view\theme\budva\template\common\header.tpl on line 45
2018-04-13 1:43:32 - PHP Notice:  Undefined variable: server in C:\Users\Lenovo_note\Documents\OpenServer\domains\budva.ref\catalog\view\theme\budva\template\common\header.tpl on line 45
2018-04-13 1:52:38 - PHP Notice:  Undefined variable: server in C:\Users\Lenovo_note\Documents\OpenServer\domains\budva.ref\catalog\view\theme\budva\template\common\header.tpl on line 45
2018-04-13 2:36:36 - PHP Notice:  Undefined variable: server in C:\Users\Lenovo_note\Documents\OpenServer\domains\budva.ref\catalog\view\theme\budva\template\common\header.tpl on line 45
